<?xml version="1.0" encoding="UTF-8"?>
<testsuite xmlns:xsi="http://www.w3.org/2001/XMLSchema-instance" xsi:noNamespaceSchemaLocation="https://maven.apache.org/surefire/maven-surefire-plugin/xsd/surefire-test-report-3.0.xsd" version="3.0" name="Options.TestRunner" time="14.827" tests="16" errors="0" skipped="0" failures="0">
  <properties>
[...]
</properties>
  <testcase name="Get users information #1" classname="Delete users information from the pet store website" time="1.98"/>
  <testcase name="Get users information #2" classname="Delete users information from the pet store website" time="0.738"/>
  <testcase name="Get users information #3" classname="Delete users information from the pet store website" time="0.755"/>
  <testcase name="Get users information #4" classname="Delete users information from the pet store website" time="0.739"/>
  <testcase name="Create users #1" classname="Create new users on the pet store website" time="1.326"/>
  <testcase name="Create users #2" classname="Create new users on the pet store website" time="0.798"/>
  <testcase name="Create users #3" classname="Create new users on the pet store website" time="0.78"/>
  <testcase name="Create users #4" classname="Create new users on the pet store website" time="0.756"/>
  <testcase name="Get users information #1" classname="Get users information from the pet store website" time="1.039"/>
  <testcase name="Get users information #2" classname="Get users information from the pet store website" time="0.78"/>
  <testcase name="Get users information #3" classname="Get users information from the pet store website" time="0.76"/>
  <testcase name="Get users information #4" classname="Get users information from the pet store website" time="0.76"/>
  <testcase name="update users information #1" classname="update users information on the pet store website" time="0.76"/>
  <testcase name="update users information #2" classname="update users information on the pet store website" time="0.933"/>
  <testcase name="update users information #3" classname="update users information on the pet store website" time="0.787"/>
  <testcase name="update users information #4" classname="update users information on the pet store website" time="0.772"/>
</testsuite>